[debug] [2025-09-21T11:43:43.081Z] ----------------------------------------------------------------------
[debug] [2025-09-21T11:43:43.096Z] Command:       C:\Program Files\nodejs\node.exe C:\Users\vanis\AppData\Roaming\npm\node_modules\firebase-tools\lib\bin\firebase.js init
[debug] [2025-09-21T11:43:43.098Z] CLI Version:   14.16.0
[debug] [2025-09-21T11:43:43.098Z] Platform:      win32
[debug] [2025-09-21T11:43:43.098Z] Node Version:  v22.17.1
[debug] [2025-09-21T11:43:43.099Z] Time:          Sun Sep 21 2025 17:13:43 GMT+0530 (India Standard Time)
[debug] [2025-09-21T11:43:43.099Z] ----------------------------------------------------------------------
[debug] 
[debug] [2025-09-21T11:43:43.105Z] >>> [apiv2][query] GET https://firebase-public.firebaseio.com/cli.json [none]
[debug] [2025-09-21T11:43:43.274Z] > command requires scopes: ["email","openid","https://www.googleapis.com/auth/cloudplatformprojects.readonly","https://www.googleapis.com/auth/firebase","https://www.googleapis.com/auth/cloud-platform"]
[debug] [2025-09-21T11:43:43.275Z] > authorizing via signed-in user (lakshyars75@gmail.com)
[info] 
     ######## #### ########  ######## ########     ###     ######  ########
     ##        ##  ##     ## ##       ##     ##  ##   ##  ##       ##
     ######    ##  ########  ######   ########  #########  ######  ######
     ##        ##  ##    ##  ##       ##     ## ##     ##       ## ##
     ##       #### ##     ## ######## ########  ##     ##  ######  ########

You're about to initialize a Firebase project in this directory:

  C:\Users\vanis\Beshas

[debug] [2025-09-21T11:43:44.026Z] <<< [apiv2][status] GET https://firebase-public.firebaseio.com/cli.json 200
[debug] [2025-09-21T11:43:44.027Z] <<< [apiv2][body] GET https://firebase-public.firebaseio.com/cli.json {"cloudBuildErrorAfter":1594252800000,"cloudBuildWarnAfter":1590019200000,"defaultNode10After":1594252800000,"minVersion":"3.0.5","node8DeploysDisabledAfter":1613390400000,"node8RuntimeDisabledAfter":1615809600000,"node8WarnAfter":1600128000000}
[info] 
=== Project Setup
[info] 
[info] First, let's associate this project directory with a Firebase project.
[info] You can create multiple project aliases by running firebase use --add, 
[info] but for now we'll just set up a default project.
[info] 
[debug] [2025-09-21T11:43:59.040Z] Checked if tokens are valid: false, expires at: 1758113931311
[debug] [2025-09-21T11:43:59.040Z] Checked if tokens are valid: false, expires at: 1758113931311
[debug] [2025-09-21T11:43:59.041Z] > refreshing access token with scopes: []
[debug] [2025-09-21T11:43:59.044Z] >>> [apiv2][query] POST https://www.googleapis.com/oauth2/v3/token [none]
[debug] [2025-09-21T11:43:59.044Z] >>> [apiv2][body] POST https://www.googleapis.com/oauth2/v3/token [omitted]
[debug] [2025-09-21T11:43:59.291Z] <<< [apiv2][status] POST https://www.googleapis.com/oauth2/v3/token 200
[debug] [2025-09-21T11:43:59.292Z] <<< [apiv2][body] POST https://www.googleapis.com/oauth2/v3/token [omitted]
[debug] [2025-09-21T11:43:59.311Z] >>> [apiv2][query] GET https://firebase.googleapis.com/v1beta1/projects pageSize=100
[debug] [2025-09-21T11:44:00.191Z] <<< [apiv2][status] GET https://firebase.googleapis.com/v1beta1/projects 200
[debug] [2025-09-21T11:44:00.192Z] <<< [apiv2][body] GET https://firebase.googleapis.com/v1beta1/projects [omitted]
[info] i  Using project beshas-fcf4e3 (Beshas) 
[info] 
=== Hosting Setup
[debug] [2025-09-21T11:44:04.984Z] Checked if tokens are valid: true, expires at: 1758458638292
[debug] [2025-09-21T11:44:04.984Z] Checked if tokens are valid: true, expires at: 1758458638292
[debug] [2025-09-21T11:44:04.985Z] >>> [apiv2][query] GET https://firebase.googleapis.com/v1beta1/projects/beshas-fcf4e3 [none]
[debug] [2025-09-21T11:44:05.355Z] <<< [apiv2][status] GET https://firebase.googleapis.com/v1beta1/projects/beshas-fcf4e3 200
[debug] [2025-09-21T11:44:05.356Z] <<< [apiv2][body] GET https://firebase.googleapis.com/v1beta1/projects/beshas-fcf4e3 {"projectId":"beshas-fcf4e3","projectNumber":"438530416963","displayName":"Beshas","name":"projects/beshas-fcf4e3","resources":{"hostingSite":"beshas-fcf4e3"},"state":"ACTIVE","etag":"1_5b537270-a368-469f-a25b-0e6833485ce4"}
[info] 
[info] Your public directory is the folder (relative to your project directory) that
[info] will contain Hosting assets to be uploaded with firebase deploy. If you
[info] have a build process for your assets, use your build's output directory.
[info] 
[debug] [2025-09-21T11:44:11.831Z] ExitPromptError: User force closed the prompt with SIGINT
    at Interface.sigint (C:\Users\vanis\AppData\Roaming\npm\node_modules\firebase-tools\node_modules\@inquirer\core\dist\commonjs\lib\create-prompt.js:101:37)
    at Interface.emit (node:events:518:28)
    at Interface.emit (node:domain:489:12)
    at [_ttyWrite] [as _ttyWrite] (node:internal/readline/interface:1132:18)
    at ReadStream.onkeypress (node:internal/readline/interface:271:20)
    at ReadStream.emit (node:events:530:35)
    at ReadStream.emit (node:domain:489:12)
    at emitKeys (node:internal/readline/utils:370:14)
    at emitKeys.next (<anonymous>)
    at ReadStream.onData (node:internal/readline/emitKeypressEvents:64:36)
[error] 
[error] Error: An unexpected error has occurred.
